0 info it worked if it ends with ok
1 verbose cli [ '/home/kevin/.node/bin/node',
1 verbose cli   '/home/kevin/.node/bin/npm',
1 verbose cli   'install',
1 verbose cli   '--save-dev',
1 verbose cli   'grunt',
1 verbose cli   'grunt-cli',
1 verbose cli   'grunt-contrib-watch',
1 verbose cli   'grunt-contrib-simplemocha' ]
2 info using npm@1.4.28
3 info using node@v0.10.35
4 warn package.json single_resource_rest_api@0.1.0 No repository field.
5 warn package.json single_resource_rest_api@0.1.0 No README data
6 verbose readDependencies using package.json deps
7 verbose cache add [ 'grunt', null ]
8 verbose cache add name=undefined spec="grunt" args=["grunt",null]
9 verbose parsed url { protocol: null,
9 verbose parsed url   slashes: null,
9 verbose parsed url   auth: null,
9 verbose parsed url   host: null,
9 verbose parsed url   port: null,
9 verbose parsed url   hostname: null,
9 verbose parsed url   hash: null,
9 verbose parsed url   search: null,
9 verbose parsed url   query: null,
9 verbose parsed url   pathname: 'grunt',
9 verbose parsed url   path: 'grunt',
9 verbose parsed url   href: 'grunt' }
10 verbose cache add [ 'grunt-cli', null ]
11 verbose cache add name=undefined spec="grunt-cli" args=["grunt-cli",null]
12 verbose parsed url { protocol: null,
12 verbose parsed url   slashes: null,
12 verbose parsed url   auth: null,
12 verbose parsed url   host: null,
12 verbose parsed url   port: null,
12 verbose parsed url   hostname: null,
12 verbose parsed url   hash: null,
12 verbose parsed url   search: null,
12 verbose parsed url   query: null,
12 verbose parsed url   pathname: 'grunt-cli',
12 verbose parsed url   path: 'grunt-cli',
12 verbose parsed url   href: 'grunt-cli' }
13 verbose cache add [ 'grunt-contrib-watch', null ]
14 verbose cache add name=undefined spec="grunt-contrib-watch" args=["grunt-contrib-watch",null]
15 verbose parsed url { protocol: null,
15 verbose parsed url   slashes: null,
15 verbose parsed url   auth: null,
15 verbose parsed url   host: null,
15 verbose parsed url   port: null,
15 verbose parsed url   hostname: null,
15 verbose parsed url   hash: null,
15 verbose parsed url   search: null,
15 verbose parsed url   query: null,
15 verbose parsed url   pathname: 'grunt-contrib-watch',
15 verbose parsed url   path: 'grunt-contrib-watch',
15 verbose parsed url   href: 'grunt-contrib-watch' }
16 verbose cache add [ 'grunt-contrib-simplemocha', null ]
17 verbose cache add name=undefined spec="grunt-contrib-simplemocha" args=["grunt-contrib-simplemocha",null]
18 verbose parsed url { protocol: null,
18 verbose parsed url   slashes: null,
18 verbose parsed url   auth: null,
18 verbose parsed url   host: null,
18 verbose parsed url   port: null,
18 verbose parsed url   hostname: null,
18 verbose parsed url   hash: null,
18 verbose parsed url   search: null,
18 verbose parsed url   query: null,
18 verbose parsed url   pathname: 'grunt-contrib-simplemocha',
18 verbose parsed url   path: 'grunt-contrib-simplemocha',
18 verbose parsed url   href: 'grunt-contrib-simplemocha' }
19 silly lockFile 20ff3fd8-grunt grunt
20 verbose lock grunt /home/kevin/.npm/20ff3fd8-grunt.lock
21 silly lockFile 671ef8ac-grunt-cli grunt-cli
22 verbose lock grunt-cli /home/kevin/.npm/671ef8ac-grunt-cli.lock
23 silly lockFile 7f2b8bdb-grunt-contrib-watch grunt-contrib-watch
24 verbose lock grunt-contrib-watch /home/kevin/.npm/7f2b8bdb-grunt-contrib-watch.lock
25 silly lockFile ab1bc936-grunt-contrib-simplemocha grunt-contrib-simplemocha
26 verbose lock grunt-contrib-simplemocha /home/kevin/.npm/ab1bc936-grunt-contrib-simplemocha.lock
27 silly lockFile 20ff3fd8-grunt grunt
28 silly lockFile 20ff3fd8-grunt grunt
29 silly lockFile 671ef8ac-grunt-cli grunt-cli
30 silly lockFile 671ef8ac-grunt-cli grunt-cli
31 silly lockFile 7f2b8bdb-grunt-contrib-watch grunt-contrib-watch
32 silly lockFile 7f2b8bdb-grunt-contrib-watch grunt-contrib-watch
33 silly lockFile ab1bc936-grunt-contrib-simplemocha grunt-contrib-simplemocha
34 silly lockFile ab1bc936-grunt-contrib-simplemocha grunt-contrib-simplemocha
35 verbose addNamed [ 'grunt', '' ]
36 verbose addNamed [ null, '*' ]
37 silly lockFile 55f1ff24-grunt grunt@
38 verbose lock grunt@ /home/kevin/.npm/55f1ff24-grunt.lock
39 verbose addNamed [ 'grunt-cli', '' ]
40 verbose addNamed [ null, '*' ]
41 silly lockFile d63f3d0b-grunt-cli grunt-cli@
42 verbose lock grunt-cli@ /home/kevin/.npm/d63f3d0b-grunt-cli.lock
43 verbose addNamed [ 'grunt-contrib-watch', '' ]
44 verbose addNamed [ null, '*' ]
45 silly lockFile b64937f1-grunt-contrib-watch grunt-contrib-watch@
46 verbose lock grunt-contrib-watch@ /home/kevin/.npm/b64937f1-grunt-contrib-watch.lock
47 verbose addNamed [ 'grunt-contrib-simplemocha', '' ]
48 verbose addNamed [ null, '*' ]
49 silly lockFile fc7adc88-grunt-contrib-simplemocha grunt-contrib-simplemocha@
50 verbose lock grunt-contrib-simplemocha@ /home/kevin/.npm/fc7adc88-grunt-contrib-simplemocha.lock
51 silly addNameRange { name: 'grunt', range: '*', hasData: false }
52 silly addNameRange { name: 'grunt-contrib-watch', range: '*', hasData: false }
53 silly addNameRange { name: 'grunt-cli', range: '*', hasData: false }
54 silly addNameRange { name: 'grunt-contrib-simplemocha', range: '*', hasData: false }
55 verbose request where is /grunt-contrib-simplemocha
56 verbose request registry https://registry.npmjs.org/
57 verbose request id f8f65a6d60c1379c
58 verbose url raw /grunt-contrib-simplemocha
59 verbose url resolving [ 'https://registry.npmjs.org/', './grunt-contrib-simplemocha' ]
60 verbose url resolved https://registry.npmjs.org/grunt-contrib-simplemocha
61 verbose request where is https://registry.npmjs.org/grunt-contrib-simplemocha
62 info trying registry request attempt 1 at 16:43:46
63 http GET https://registry.npmjs.org/grunt-contrib-simplemocha
64 verbose request where is /grunt-cli
65 verbose request registry https://registry.npmjs.org/
66 verbose url raw /grunt-cli
67 verbose url resolving [ 'https://registry.npmjs.org/', './grunt-cli' ]
68 verbose url resolved https://registry.npmjs.org/grunt-cli
69 verbose request where is https://registry.npmjs.org/grunt-cli
70 info trying registry request attempt 1 at 16:43:46
71 verbose etag "4BVZH4PSNTP7VFKXHVS9TG54J"
72 http GET https://registry.npmjs.org/grunt-cli
73 verbose request where is /grunt-contrib-watch
74 verbose request registry https://registry.npmjs.org/
75 verbose url raw /grunt-contrib-watch
76 verbose url resolving [ 'https://registry.npmjs.org/', './grunt-contrib-watch' ]
77 verbose url resolved https://registry.npmjs.org/grunt-contrib-watch
78 verbose request where is https://registry.npmjs.org/grunt-contrib-watch
79 info trying registry request attempt 1 at 16:43:46
80 verbose etag "2L4AAQLYXU8QEJ5ZCIO1J138T"
81 http GET https://registry.npmjs.org/grunt-contrib-watch
82 verbose request where is /grunt
83 verbose request registry https://registry.npmjs.org/
84 verbose url raw /grunt
85 verbose url resolving [ 'https://registry.npmjs.org/', './grunt' ]
86 verbose url resolved https://registry.npmjs.org/grunt
87 verbose request where is https://registry.npmjs.org/grunt
88 info trying registry request attempt 1 at 16:43:46
89 verbose etag "SKC9V28NQ3C22GL988JGDB0Z"
90 http GET https://registry.npmjs.org/grunt
91 http 304 https://registry.npmjs.org/grunt-contrib-watch
92 silly registry.get cb [ 304,
92 silly registry.get   { date: 'Sat, 09 May 2015 23:43:46 GMT',
92 silly registry.get     via: '1.1 varnish',
92 silly registry.get     'cache-control': 'max-age=60',
92 silly registry.get     etag: '"2L4AAQLYXU8QEJ5ZCIO1J138T"',
92 silly registry.get     age: '27',
92 silly registry.get     connection: 'keep-alive',
92 silly registry.get     'x-served-by': 'cache-sjc3132-SJC',
92 silly registry.get     'x-cache': 'HIT',
92 silly registry.get     'x-cache-hits': '1',
92 silly registry.get     'x-timer': 'S1431215026.668159,VS0,VE0',
92 silly registry.get     vary: 'Accept' } ]
93 verbose etag https://registry.npmjs.org/grunt-contrib-watch from cache
94 http 304 https://registry.npmjs.org/grunt-cli
95 silly registry.get cb [ 304,
95 silly registry.get   { date: 'Sat, 09 May 2015 23:43:46 GMT',
95 silly registry.get     via: '1.1 varnish',
95 silly registry.get     'cache-control': 'max-age=60',
95 silly registry.get     etag: '"4BVZH4PSNTP7VFKXHVS9TG54J"',
95 silly registry.get     age: '42',
95 silly registry.get     connection: 'keep-alive',
95 silly registry.get     'x-served-by': 'cache-sjc3123-SJC',
95 silly registry.get     'x-cache': 'HIT',
95 silly registry.get     'x-cache-hits': '2',
95 silly registry.get     'x-timer': 'S1431215026.671045,VS0,VE0',
95 silly registry.get     vary: 'Accept' } ]
96 verbose etag https://registry.npmjs.org/grunt-cli from cache
97 http 304 https://registry.npmjs.org/grunt
98 silly registry.get cb [ 304,
98 silly registry.get   { date: 'Sat, 09 May 2015 23:43:46 GMT',
98 silly registry.get     via: '1.1 varnish',
98 silly registry.get     'cache-control': 'max-age=60',
98 silly registry.get     etag: '"SKC9V28NQ3C22GL988JGDB0Z"',
98 silly registry.get     age: '37',
98 silly registry.get     connection: 'keep-alive',
98 silly registry.get     'x-served-by': 'cache-sjc3120-SJC',
98 silly registry.get     'x-cache': 'HIT',
98 silly registry.get     'x-cache-hits': '29',
98 silly registry.get     'x-timer': 'S1431215026.671262,VS0,VE0',
98 silly registry.get     vary: 'Accept' } ]
99 verbose etag https://registry.npmjs.org/grunt from cache
100 silly addNameRange number 2 { name: 'grunt-contrib-watch', range: '*', hasData: true }
101 silly addNameRange versions [ 'grunt-contrib-watch',
101 silly addNameRange   [ '0.1.0',
101 silly addNameRange     '0.1.1',
101 silly addNameRange     '0.1.2',
101 silly addNameRange     '0.1.3',
101 silly addNameRange     '0.1.4',
101 silly addNameRange     '0.2.0',
101 silly addNameRange     '0.3.0',
101 silly addNameRange     '0.3.1',
101 silly addNameRange     '0.4.0',
101 silly addNameRange     '0.4.1',
101 silly addNameRange     '0.4.2',
101 silly addNameRange     '0.4.3',
101 silly addNameRange     '0.4.4',
101 silly addNameRange     '0.5.0',
101 silly addNameRange     '0.5.1',
101 silly addNameRange     '0.5.2',
101 silly addNameRange     '0.5.3',
101 silly addNameRange     '0.6.0',
101 silly addNameRange     '0.6.1',
101 silly addNameRange     '0.2.0-a',
101 silly addNameRange     '0.2.0-rc5',
101 silly addNameRange     '0.2.0-rc7' ] ]
102 verbose addNamed [ 'grunt-contrib-watch', '0.6.1' ]
103 verbose addNamed [ '0.6.1', '0.6.1' ]
104 silly lockFile 08049756-grunt-contrib-watch-0-6-1 grunt-contrib-watch@0.6.1
105 verbose lock grunt-contrib-watch@0.6.1 /home/kevin/.npm/08049756-grunt-contrib-watch-0-6-1.lock
106 silly addNameRange number 2 { name: 'grunt-cli', range: '*', hasData: true }
107 silly addNameRange versions [ 'grunt-cli',
107 silly addNameRange   [ '0.1.0',
107 silly addNameRange     '0.1.1',
107 silly addNameRange     '0.1.2',
107 silly addNameRange     '0.1.3',
107 silly addNameRange     '0.1.4',
107 silly addNameRange     '0.1.5',
107 silly addNameRange     '0.1.6',
107 silly addNameRange     '0.1.7',
107 silly addNameRange     '0.1.8',
107 silly addNameRange     '0.1.9',
107 silly addNameRange     '0.1.10',
107 silly addNameRange     '0.1.11',
107 silly addNameRange     '0.1.12',
107 silly addNameRange     '0.1.13' ] ]
108 verbose addNamed [ 'grunt-cli', '0.1.13' ]
109 verbose addNamed [ '0.1.13', '0.1.13' ]
110 silly lockFile 28997503-grunt-cli-0-1-13 grunt-cli@0.1.13
111 verbose lock grunt-cli@0.1.13 /home/kevin/.npm/28997503-grunt-cli-0-1-13.lock
112 silly addNameRange number 2 { name: 'grunt', range: '*', hasData: true }
113 silly addNameRange versions [ 'grunt',
113 silly addNameRange   [ '0.1.0',
113 silly addNameRange     '0.1.1',
113 silly addNameRange     '0.1.2',
113 silly addNameRange     '0.2.0',
113 silly addNameRange     '0.2.1',
113 silly addNameRange     '0.2.2',
113 silly addNameRange     '0.2.3',
113 silly addNameRange     '0.2.4',
113 silly addNameRange     '0.2.5',
113 silly addNameRange     '0.2.6',
113 silly addNameRange     '0.2.7',
113 silly addNameRange     '0.2.8',
113 silly addNameRange     '0.2.9',
113 silly addNameRange     '0.2.10',
113 silly addNameRange     '0.2.11',
113 silly addNameRange     '0.2.12',
113 silly addNameRange     '0.2.13',
113 silly addNameRange     '0.2.14',
113 silly addNameRange     '0.2.15',
113 silly addNameRange     '0.3.0',
113 silly addNameRange     '0.3.1',
113 silly addNameRange     '0.3.2',
113 silly addNameRange     '0.3.3',
113 silly addNameRange     '0.3.4',
113 silly addNameRange     '0.3.5',
113 silly addNameRange     '0.3.6',
113 silly addNameRange     '0.3.7',
113 silly addNameRange     '0.3.8',
113 silly addNameRange     '0.3.9',
113 silly addNameRange     '0.3.10',
113 silly addNameRange     '0.3.11',
113 silly addNameRange     '0.3.12',
113 silly addNameRange     '0.3.13',
113 silly addNameRange     '0.3.14',
113 silly addNameRange     '0.3.15',
113 silly addNameRange     '0.3.16',
113 silly addNameRange     '0.3.17',
113 silly addNameRange     '0.4.0',
113 silly addNameRange     '0.4.1',
113 silly addNameRange     '0.4.2',
113 silly addNameRange     '0.4.3',
113 silly addNameRange     '0.4.4',
113 silly addNameRange     '0.4.5',
113 silly addNameRange     '0.3.13-a',
113 silly addNameRange     '0.4.0-a',
113 silly addNameRange     '0.4.0-rc1',
113 silly addNameRange     '0.4.0-rc2',
113 silly addNameRange     '0.4.0-rc3',
113 silly addNameRange     '0.4.0-rc4',
113 silly addNameRange     '0.4.0-rc5',
113 silly addNameRange     '0.4.0-rc6',
113 silly addNameRange     '0.4.0-rc7',
113 silly addNameRange     '0.4.0-rc8' ] ]
114 verbose addNamed [ 'grunt', '0.4.5' ]
115 verbose addNamed [ '0.4.5', '0.4.5' ]
116 silly lockFile 81abf7ad-grunt-0-4-5 grunt@0.4.5
117 verbose lock grunt@0.4.5 /home/kevin/.npm/81abf7ad-grunt-0-4-5.lock
118 silly lockFile 28997503-grunt-cli-0-1-13 grunt-cli@0.1.13
119 silly lockFile 28997503-grunt-cli-0-1-13 grunt-cli@0.1.13
120 silly lockFile 08049756-grunt-contrib-watch-0-6-1 grunt-contrib-watch@0.6.1
121 silly lockFile 08049756-grunt-contrib-watch-0-6-1 grunt-contrib-watch@0.6.1
122 silly lockFile d63f3d0b-grunt-cli grunt-cli@
123 silly lockFile d63f3d0b-grunt-cli grunt-cli@
124 silly lockFile b64937f1-grunt-contrib-watch grunt-contrib-watch@
125 silly lockFile b64937f1-grunt-contrib-watch grunt-contrib-watch@
126 silly lockFile 81abf7ad-grunt-0-4-5 grunt@0.4.5
127 silly lockFile 81abf7ad-grunt-0-4-5 grunt@0.4.5
128 silly lockFile 55f1ff24-grunt grunt@
129 silly lockFile 55f1ff24-grunt grunt@
130 http 404 https://registry.npmjs.org/grunt-contrib-simplemocha
131 verbose headers { server: 'CouchDB/1.5.0 (Erlang OTP/R16B03)',
131 verbose headers   'content-type': 'application/json',
131 verbose headers   'cache-control': 'max-age=0',
131 verbose headers   'content-length': '51',
131 verbose headers   'accept-ranges': 'bytes',
131 verbose headers   date: 'Sat, 09 May 2015 23:43:46 GMT',
131 verbose headers   via: '1.1 varnish',
131 verbose headers   age: '0',
131 verbose headers   connection: 'keep-alive',
131 verbose headers   'x-served-by': 'cache-sjc3127-SJC',
131 verbose headers   'x-cache': 'MISS',
131 verbose headers   'x-cache-hits': '0',
131 verbose headers   'x-timer': 'S1431215026.670867,VS0,VE148' }
132 silly registry.get cb [ 404,
132 silly registry.get   { server: 'CouchDB/1.5.0 (Erlang OTP/R16B03)',
132 silly registry.get     'content-type': 'application/json',
132 silly registry.get     'cache-control': 'max-age=0',
132 silly registry.get     'content-length': '51',
132 silly registry.get     'accept-ranges': 'bytes',
132 silly registry.get     date: 'Sat, 09 May 2015 23:43:46 GMT',
132 silly registry.get     via: '1.1 varnish',
132 silly registry.get     age: '0',
132 silly registry.get     connection: 'keep-alive',
132 silly registry.get     'x-served-by': 'cache-sjc3127-SJC',
132 silly registry.get     'x-cache': 'MISS',
132 silly registry.get     'x-cache-hits': '0',
132 silly registry.get     'x-timer': 'S1431215026.670867,VS0,VE148' } ]
133 silly lockFile fc7adc88-grunt-contrib-simplemocha grunt-contrib-simplemocha@
134 silly lockFile fc7adc88-grunt-contrib-simplemocha grunt-contrib-simplemocha@
135 error 404 404 Not Found: grunt-contrib-simplemocha
135 error 404
135 error 404 'grunt-contrib-simplemocha' is not in the npm registry.
135 error 404 You should bug the author to publish it
135 error 404 It was specified as a dependency of 'single_resource_rest_api'
135 error 404
135 error 404 Note that you can also install from a
135 error 404 tarball, folder, or http url, or git url.
136 error System Linux 3.13.0-52-generic
137 error command "/home/kevin/.node/bin/node" "/home/kevin/.node/bin/npm" "install" "--save-dev" "grunt" "grunt-cli" "grunt-contrib-watch" "grunt-contrib-simplemocha"
138 error cwd /home/kevin/Documents/js_accelerator/homework/assignments/single_resource_rest_api
139 error node -v v0.10.35
140 error npm -v 1.4.28
141 error code E404
142 verbose exit [ 1, true ]
